[32m2025-04-26 20:28:03 +0200[0m - dagster - [34mDEBUG[0m - __ASSET_JOB - ce33af0e-468a-4e2b-a8d6-669cb855bf75 - 40501 - LOGS_CAPTURED - Started capturing logs in process (pid: 40501).
[32m2025-04-26 20:28:03 +0200[0m - dagster - [34mDEBUG[0m - __ASSET_JOB - ce33af0e-468a-4e2b-a8d6-669cb855bf75 - 40501 - immobilier_courtage_dbt_assets - STEP_START - Started execution of step "immobilier_courtage_dbt_assets".
[32m2025-04-26 20:28:03 +0200[0m - dagster - [34mINFO[0m - __ASSET_JOB - ce33af0e-468a-4e2b-a8d6-669cb855bf75 - immobilier_courtage_dbt_assets - A dbt subsetted execution is not being performed. Using the default dbt selection arguments `['--select', 'fqn:*']`.
INFO:dagster.builtin:__ASSET_JOB - ce33af0e-468a-4e2b-a8d6-669cb855bf75 - immobilier_courtage_dbt_assets - A dbt subsetted execution is not being performed. Using the default dbt selection arguments `['--select', 'fqn:*']`.
[32m2025-04-26 20:28:04 +0200[0m - dagster - [34mINFO[0m - __ASSET_JOB - ce33af0e-468a-4e2b-a8d6-669cb855bf75 - immobilier_courtage_dbt_assets - Copying `/Users/mbaye.sene/Documents/MUGIWARA/motherduck-dbt-pipeline/immobilier_courtage/target/partial_parse.msgpack` to `/Users/mbaye.sene/Documents/MUGIWARA/motherduck-dbt-pipeline/immobilier_courtage/target/immobilier_courtage_dbt_assets-ce33af0-014077a/partial_parse.msgpack` to take advantage of partial parsing.
INFO:dagster.builtin:__ASSET_JOB - ce33af0e-468a-4e2b-a8d6-669cb855bf75 - immobilier_courtage_dbt_assets - Copying `/Users/mbaye.sene/Documents/MUGIWARA/motherduck-dbt-pipeline/immobilier_courtage/target/partial_parse.msgpack` to `/Users/mbaye.sene/Documents/MUGIWARA/motherduck-dbt-pipeline/immobilier_courtage/target/immobilier_courtage_dbt_assets-ce33af0-014077a/partial_parse.msgpack` to take advantage of partial parsing.
[32m2025-04-26 20:28:04 +0200[0m - dagster - [34mINFO[0m - __ASSET_JOB - ce33af0e-468a-4e2b-a8d6-669cb855bf75 - immobilier_courtage_dbt_assets - Running dbt command: `dbt build --select fqn:*`.
INFO:dagster.builtin:__ASSET_JOB - ce33af0e-468a-4e2b-a8d6-669cb855bf75 - immobilier_courtage_dbt_assets - Running dbt command: `dbt build --select fqn:*`.
[32m2025-04-26 20:28:10 +0200[0m - dagster - [34mDEBUG[0m - __ASSET_JOB - ce33af0e-468a-4e2b-a8d6-669cb855bf75 - 40501 - immobilier_courtage_dbt_assets - STEP_OUTPUT - Yielded output "bronze__bronze_opportunites" of type "Nothing". (Type check passed).
[32m2025-04-26 20:28:10 +0200[0m - dagster - [34mDEBUG[0m - __ASSET_JOB - ce33af0e-468a-4e2b-a8d6-669cb855bf75 - 40501 - immobilier_courtage_dbt_assets - ASSET_MATERIALIZATION - Materialized value bronze bronze_opportunites.
[32m2025-04-26 20:28:12 +0200[0m - dagster - [34mDEBUG[0m - __ASSET_JOB - ce33af0e-468a-4e2b-a8d6-669cb855bf75 - 40501 - immobilier_courtage_dbt_assets - STEP_OUTPUT - Yielded output "bronze__bronze_propositions" of type "Nothing". (Type check passed).
[32m2025-04-26 20:28:12 +0200[0m - dagster - [34mDEBUG[0m - __ASSET_JOB - ce33af0e-468a-4e2b-a8d6-669cb855bf75 - 40501 - immobilier_courtage_dbt_assets - ASSET_MATERIALIZATION - Materialized value bronze bronze_propositions.
[32m2025-04-26 20:28:18 +0200[0m - dagster - [34mDEBUG[0m - __ASSET_JOB - ce33af0e-468a-4e2b-a8d6-669cb855bf75 - 40501 - immobilier_courtage_dbt_assets - STEP_OUTPUT - Yielded output "silver__opportunites_enrichies" of type "Nothing". (Type check passed).
[32m2025-04-26 20:28:18 +0200[0m - dagster - [34mDEBUG[0m - __ASSET_JOB - ce33af0e-468a-4e2b-a8d6-669cb855bf75 - 40501 - immobilier_courtage_dbt_assets - ASSET_MATERIALIZATION - Materialized value silver opportunites_enrichies.
[32m2025-04-26 20:28:22 +0200[0m - dagster - [34mDEBUG[0m - __ASSET_JOB - ce33af0e-468a-4e2b-a8d6-669cb855bf75 - 40501 - immobilier_courtage_dbt_assets - STEP_OUTPUT - Yielded output "silver__propositions_enrichies" of type "Nothing". (Type check passed).
[32m2025-04-26 20:28:22 +0200[0m - dagster - [34mDEBUG[0m - __ASSET_JOB - ce33af0e-468a-4e2b-a8d6-669cb855bf75 - 40501 - immobilier_courtage_dbt_assets - ASSET_MATERIALIZATION - Materialized value silver propositions_enrichies.
[32m2025-04-26 20:28:22 +0200[0m - dagster - [34mDEBUG[0m - __ASSET_JOB - ce33af0e-468a-4e2b-a8d6-669cb855bf75 - 40501 - immobilier_courtage_dbt_assets - ASSET_CHECK_EVALUATION - DagsterEventType.ASSET_CHECK_EVALUATION for step immobilier_courtage_dbt_assets
[32m2025-04-26 20:28:22 +0200[0m - dagster - [34mDEBUG[0m - __ASSET_JOB - ce33af0e-468a-4e2b-a8d6-669cb855bf75 - 40501 - immobilier_courtage_dbt_assets - STEP_OUTPUT - Yielded output "silver__opportunites_enrichies_accepted_values_opportunites_enrichies_is_converted__0__1" of type "Any". (Type check passed).
[32m2025-04-26 20:28:22 +0200[0m - dagster - [34mDEBUG[0m - __ASSET_JOB - ce33af0e-468a-4e2b-a8d6-669cb855bf75 - 40501 - immobilier_courtage_dbt_assets - ASSET_CHECK_EVALUATION - DagsterEventType.ASSET_CHECK_EVALUATION for step immobilier_courtage_dbt_assets
[32m2025-04-26 20:28:22 +0200[0m - dagster - [34mDEBUG[0m - __ASSET_JOB - ce33af0e-468a-4e2b-a8d6-669cb855bf75 - 40501 - immobilier_courtage_dbt_assets - STEP_OUTPUT - Yielded output "silver__opportunites_enrichies_accepted_values_opportunites_enrichies_segment_age__Jeune__Milieu_de_vie__Senior__Non_d_fini" of type "Any". (Type check passed).
[32m2025-04-26 20:28:22 +0200[0m - dagster - [34mDEBUG[0m - __ASSET_JOB - ce33af0e-468a-4e2b-a8d6-669cb855bf75 - 40501 - immobilier_courtage_dbt_assets - ASSET_CHECK_EVALUATION - DagsterEventType.ASSET_CHECK_EVALUATION for step immobilier_courtage_dbt_assets
[32m2025-04-26 20:28:22 +0200[0m - dagster - [34mDEBUG[0m - __ASSET_JOB - ce33af0e-468a-4e2b-a8d6-669cb855bf75 - 40501 - immobilier_courtage_dbt_assets - STEP_OUTPUT - Yielded output "silver__opportunites_enrichies_accepted_values_opportunites_enrichies_segment_revenus__Revenus_modestes__Revenus_moyens__Revenus_lev_s__Non_d_fini" of type "Any". (Type check passed).
[32m2025-04-26 20:28:23 +0200[0m - dagster - [34mDEBUG[0m - __ASSET_JOB - ce33af0e-468a-4e2b-a8d6-669cb855bf75 - 40501 - immobilier_courtage_dbt_assets - ASSET_CHECK_EVALUATION - DagsterEventType.ASSET_CHECK_EVALUATION for step immobilier_courtage_dbt_assets
[32m2025-04-26 20:28:23 +0200[0m - dagster - [34mDEBUG[0m - __ASSET_JOB - ce33af0e-468a-4e2b-a8d6-669cb855bf75 - 40501 - immobilier_courtage_dbt_assets - STEP_OUTPUT - Yielded output "silver__opportunites_enrichies_not_null_opportunites_enrichies_is_converted" of type "Any". (Type check passed).
[32m2025-04-26 20:28:23 +0200[0m - dagster - [34mDEBUG[0m - __ASSET_JOB - ce33af0e-468a-4e2b-a8d6-669cb855bf75 - 40501 - immobilier_courtage_dbt_assets - ASSET_CHECK_EVALUATION - DagsterEventType.ASSET_CHECK_EVALUATION for step immobilier_courtage_dbt_assets
[32m2025-04-26 20:28:23 +0200[0m - dagster - [34mDEBUG[0m - __ASSET_JOB - ce33af0e-468a-4e2b-a8d6-669cb855bf75 - 40501 - immobilier_courtage_dbt_assets - STEP_OUTPUT - Yielded output "silver__opportunites_enrichies_not_null_opportunites_enrichies_montant_total_pret" of type "Any". (Type check passed).
[32m2025-04-26 20:28:23 +0200[0m - dagster - [34mDEBUG[0m - __ASSET_JOB - ce33af0e-468a-4e2b-a8d6-669cb855bf75 - 40501 - immobilier_courtage_dbt_assets - ASSET_CHECK_EVALUATION - DagsterEventType.ASSET_CHECK_EVALUATION for step immobilier_courtage_dbt_assets
[32m2025-04-26 20:28:23 +0200[0m - dagster - [34mDEBUG[0m - __ASSET_JOB - ce33af0e-468a-4e2b-a8d6-669cb855bf75 - 40501 - immobilier_courtage_dbt_assets - STEP_OUTPUT - Yielded output "silver__opportunites_enrichies_not_null_opportunites_enrichies_segment_age" of type "Any". (Type check passed).
[32m2025-04-26 20:28:26 +0200[0m - dagster - [34mDEBUG[0m - __ASSET_JOB - ce33af0e-468a-4e2b-a8d6-669cb855bf75 - 40501 - immobilier_courtage_dbt_assets - STEP_OUTPUT - Yielded output "gold__metriques_banques" of type "Nothing". (Type check passed).
[32m2025-04-26 20:28:26 +0200[0m - dagster - [34mDEBUG[0m - __ASSET_JOB - ce33af0e-468a-4e2b-a8d6-669cb855bf75 - 40501 - immobilier_courtage_dbt_assets - ASSET_MATERIALIZATION - Materialized value gold metriques_banques.
[32m2025-04-26 20:28:28 +0200[0m - dagster - [34mDEBUG[0m - __ASSET_JOB - ce33af0e-468a-4e2b-a8d6-669cb855bf75 - 40501 - immobilier_courtage_dbt_assets - STEP_OUTPUT - Yielded output "gold__taux_par_profil" of type "Nothing". (Type check passed).
[32m2025-04-26 20:28:28 +0200[0m - dagster - [34mDEBUG[0m - __ASSET_JOB - ce33af0e-468a-4e2b-a8d6-669cb855bf75 - 40501 - immobilier_courtage_dbt_assets - ASSET_MATERIALIZATION - Materialized value gold taux_par_profil.
[32m2025-04-26 20:28:30 +0200[0m - dagster - [34mDEBUG[0m - __ASSET_JOB - ce33af0e-468a-4e2b-a8d6-669cb855bf75 - 40501 - immobilier_courtage_dbt_assets - STEP_OUTPUT - Yielded output "gold__performance_source" of type "Nothing". (Type check passed).
[32m2025-04-26 20:28:30 +0200[0m - dagster - [34mDEBUG[0m - __ASSET_JOB - ce33af0e-468a-4e2b-a8d6-669cb855bf75 - 40501 - immobilier_courtage_dbt_assets - ASSET_MATERIALIZATION - Materialized value gold performance_source.
[32m2025-04-26 20:28:32 +0200[0m - dagster - [34mDEBUG[0m - __ASSET_JOB - ce33af0e-468a-4e2b-a8d6-669cb855bf75 - 40501 - immobilier_courtage_dbt_assets - STEP_OUTPUT - Yielded output "gold__taux_conversion_opportunites" of type "Nothing". (Type check passed).
[32m2025-04-26 20:28:32 +0200[0m - dagster - [34mDEBUG[0m - __ASSET_JOB - ce33af0e-468a-4e2b-a8d6-669cb855bf75 - 40501 - immobilier_courtage_dbt_assets - ASSET_MATERIALIZATION - Materialized value gold taux_conversion_opportunites.
[32m2025-04-26 20:28:32 +0200[0m - dagster - [34mDEBUG[0m - __ASSET_JOB - ce33af0e-468a-4e2b-a8d6-669cb855bf75 - 40501 - immobilier_courtage_dbt_assets - ASSET_CHECK_EVALUATION - DagsterEventType.ASSET_CHECK_EVALUATION for step immobilier_courtage_dbt_assets
[32m2025-04-26 20:28:32 +0200[0m - dagster - [34mDEBUG[0m - __ASSET_JOB - ce33af0e-468a-4e2b-a8d6-669cb855bf75 - 40501 - immobilier_courtage_dbt_assets - STEP_OUTPUT - Yielded output "gold__metriques_banques_not_null_metriques_banques_nombre_propositions" of type "Any". (Type check passed).
[32m2025-04-26 20:28:33 +0200[0m - dagster - [34mDEBUG[0m - __ASSET_JOB - ce33af0e-468a-4e2b-a8d6-669cb855bf75 - 40501 - immobilier_courtage_dbt_assets - ASSET_CHECK_EVALUATION - DagsterEventType.ASSET_CHECK_EVALUATION for step immobilier_courtage_dbt_assets
[32m2025-04-26 20:28:33 +0200[0m - dagster - [34mDEBUG[0m - __ASSET_JOB - ce33af0e-468a-4e2b-a8d6-669cb855bf75 - 40501 - immobilier_courtage_dbt_assets - STEP_OUTPUT - Yielded output "gold__metriques_banques_unique_metriques_banques_partenaire_id" of type "Any". (Type check passed).
[32m2025-04-26 20:28:33 +0200[0m - dagster - [34mINFO[0m - __ASSET_JOB - ce33af0e-468a-4e2b-a8d6-669cb855bf75 - immobilier_courtage_dbt_assets - Finished dbt command: `dbt build --select fqn:*`.
INFO:dagster.builtin:__ASSET_JOB - ce33af0e-468a-4e2b-a8d6-669cb855bf75 - immobilier_courtage_dbt_assets - Finished dbt command: `dbt build --select fqn:*`.
[32m2025-04-26 20:28:33 +0200[0m - dagster - [34mDEBUG[0m - __ASSET_JOB - ce33af0e-468a-4e2b-a8d6-669cb855bf75 - 40501 - immobilier_courtage_dbt_assets - STEP_SUCCESS - Finished execution of step "immobilier_courtage_dbt_assets" in 29.51s.
