[0m18:59:03.413473 [debug] [MainThread]: Sending event: {'category': 'dbt', 'action': 'invocation', 'label': 'start', 'context': [<snowplow_tracker.self_describing_json.SelfDescribingJson object at 0x107da8a40>, <snowplow_tracker.self_describing_json.SelfDescribingJson object at 0x1089fbe30>, <snowplow_tracker.self_describing_json.SelfDescribingJson object at 0x108a2c110>]}


============================== 18:59:03.416040 | 527e6ba2-c746-4df5-9461-5f058b693a22 ==============================
[0m18:59:03.416040 [info ] [MainThread]: Running with dbt=1.9.3
[0m18:59:03.416334 [debug] [MainThread]: running dbt with arguments {'printer_width': '80', 'indirect_selection': 'eager', 'log_cache_events': 'False', 'write_json': 'True', 'partial_parse': 'True', 'cache_selected_only': 'False', 'profiles_dir': '/Users/mbaye.sene/.dbt', 'fail_fast': 'False', 'version_check': 'True', 'log_path': 'logs', 'debug': 'False', 'warn_error': 'None', 'use_colors': 'True', 'use_experimental_parser': 'False', 'empty': 'None', 'quiet': 'False', 'no_print': 'None', 'log_format': 'default', 'introspect': 'True', 'invocation_command': 'dbt init energy_consomption', 'warn_error_options': 'WarnErrorOptions(include=[], exclude=[])', 'target_path': 'None', 'static_parser': 'True', 'send_anonymous_usage_stats': 'True'}
[0m18:59:03.425772 [debug] [MainThread]: Starter project path: /Users/mbaye.sene/Documents/MUGIWARA/motherduck-dbt-pipeline/myenv/lib/python3.12/site-packages/dbt/include/starter_project
[0m18:59:03.428567 [info ] [MainThread]: 
Your new dbt project "energy_consomption" was created!

For more information on how to configure the profiles.yml file,
please consult the dbt documentation here:

  https://docs.getdbt.com/docs/configure-your-profile

One more thing:

Need help? Don't hesitate to reach out to us via GitHub issues or on Slack:

  https://community.getdbt.com/

Happy modeling!

[0m18:59:03.428720 [info ] [MainThread]: Setting up your profile.
[0m18:59:12.933365 [debug] [MainThread]: Resource report: {"command_name": "init", "command_success": true, "command_wall_clock_time": 9.555034, "process_in_blocks": "0", "process_kernel_time": 0.125128, "process_mem_max_rss": "107708416", "process_out_blocks": "0", "process_user_time": 0.667319}
[0m18:59:12.933747 [debug] [MainThread]: Command `dbt init` succeeded at 18:59:12.933679 after 9.56 seconds
[0m18:59:12.933979 [debug] [MainThread]: Sending event: {'category': 'dbt', 'action': 'invocation', 'label': 'end', 'context': [<snowplow_tracker.self_describing_json.SelfDescribingJson object at 0x108a2c320>, <snowplow_tracker.self_describing_json.SelfDescribingJson object at 0x108ac0c50>, <snowplow_tracker.self_describing_json.SelfDescribingJson object at 0x107da8a40>]}
[0m18:59:12.934208 [debug] [MainThread]: Flushing usage events
[0m18:59:13.394080 [debug] [MainThread]: An error was encountered while trying to flush usage events
